<?xml version="1.0" encoding="UTF-8"?>
<testng-results skipped="0" failed="0" total="1" passed="1">
  <reporter-output>
  </reporter-output>
  <suite name="Default suite" duration-ms="86" started-at="2018-05-31T03:00:32Z" finished-at="2018-05-31T03:00:32Z">
    <groups>
    </groups>
    <test name="Default test" duration-ms="86" started-at="2018-05-31T03:00:32Z" finished-at="2018-05-31T03:00:32Z">
      <class name="testcase.NewTest">
        <test-method status="PASS" signature="f()[pri:0, instance:testcase.NewTest@14acaea5]" name="f" duration-ms="24" started-at="2018-05-31T11:00:32Z" finished-at="2018-05-31T11:00:32Z">
          <reporter-output>
          </reporter-output>
        </test-method> <!-- f -->
      </class> <!-- testcase.NewTest -->
    </test> <!-- Default test -->
  </suite> <!-- Default suite -->
</testng-results>
